<!DOCTYPE html PUBLIC "-//W3C//DTD XHTML 1.1//EN" "https://www.w3.org/TR/xhtml11/DTD/xhtml11.dtd">
<html xmlns="https://www.w3.org/1999/xhtml">
<head>
<meta http-equiv="content-type" content="text/html; charset=UTF-8"/>
<title>TestNG Report</title>
<style type="text/css">table {margin-bottom:10px;border-collapse:collapse;empty-cells:show}th,td {border:1px solid #009;padding:.25em .5em}th {vertical-align:bottom}td {vertical-align:top}table a {font-weight:bold}.stripe td {background-color: #E6EBF9}.num {text-align:right}.passedodd td {background-color: #3F3}.passedeven td {background-color: #0A0}.skippedodd td {background-color: #DDD}.skippedeven td {background-color: #CCC}.failedodd td,.attn {background-color: #F33}.failedeven td,.stripe .attn {background-color: #D00}.stacktrace {white-space:pre;font-family:monospace}.totop {font-size:85%;text-align:center;border-bottom:2px solid #000}.invisible {display:none}</style>
</head>
<body>
<table>
<tr><th>Test</th><th># Passed</th><th># Skipped</th><th># Retried</th><th># Failed</th><th>Time (ms)</th><th>Included Groups</th><th>Excluded Groups</th></tr>
<tr><th colspan="8">Suite</th></tr>
<tr><td><a href="#t0">Test</a></td><td class="num">3</td><td class="num">0</td><td class="num">0</td><td class="num attn">7</td><td class="num">80,832</td><td></td><td></td></tr>
</table>
<table id='summary'><thead><tr><th>Class</th><th>Method</th><th>Start</th><th>Time (ms)</th></tr></thead><tbody><tr><th colspan="4">Suite</th></tr></tbody><tbody id="t0"><tr><th colspan="4">Test &#8212; failed</th></tr><tr class="failedeven"><td rowspan="2">auto.Login</td><td><a href="#m0">password_morethan_10char_</a></td><td rowspan="1">1664435740172</td><td rowspan="1">7165</td></tr><tr class="failedeven"><td><a href="#m1">username_specialcharacter</a></td><td rowspan="1">1664435755389</td><td rowspan="1">8889</td></tr><tr class="failedodd"><td rowspan="1">auto.Mobiles</td><td><a href="#m2">searchbox_morethan_20char</a></td><td rowspan="1">1664435764282</td><td rowspan="1">8934</td></tr><tr class="failedeven"><td rowspan="4">auto.Registration</td><td><a href="#m3">firstname_lessthan_3char</a></td><td rowspan="1">1664435701767</td><td rowspan="1">7324</td></tr><tr class="failedeven"><td><a href="#m4">lastname_morethan_20char</a></td><td rowspan="1">1664435709096</td><td rowspan="1">6093</td></tr><tr class="failedeven"><td><a href="#m5">mobilenumber_lessthan_3numbers</a></td><td rowspan="1">1664435715193</td><td rowspan="1">7143</td></tr><tr class="failedeven"><td><a href="#m6">password_morethan_10alphanumeric</a></td><td rowspan="1">1664435722339</td><td rowspan="1">8894</td></tr><tr><th colspan="4">Test &#8212; passed</th></tr><tr class="passedeven"><td rowspan="1">auto.Login</td><td><a href="#m7">setup</a></td><td rowspan="1">1664435747343</td><td rowspan="1">8044</td></tr><tr class="passedodd"><td rowspan="1">auto.Mobiles</td><td><a href="#m8">setup</a></td><td rowspan="1">1664435773226</td><td rowspan="1">9326</td></tr><tr class="passedeven"><td rowspan="1">auto.Registration</td><td><a href="#m9">setup</a></td><td rowspan="1">1664435731245</td><td rowspan="1">8920</td></tr></tbody>
</table>
<h2>Test</h2><h3 id="m0">auto.Login#password_morethan_10char_</h3><table class="result"><tr><th>Exception</th></tr><tr><td><div class="stacktrace">java.lang.AssertionError: expected [Proper error message should be display] but found [1q2w3r45t6y7u8i9o0oi88u7y6t4r54rt5t6t]
	at auto.Login.password_morethan_10char_(Login.java:58)
	at java.base/java.util.ArrayList.forEach(ArrayList.java:1511)
... Removed 33 stack frames</div></td></tr></table><p class="totop"><a href="#summary">back to summary</a></p>
<h3 id="m1">auto.Login#username_specialcharacter</h3><table class="result"><tr><th>Exception</th></tr><tr><td><div class="stacktrace">java.lang.AssertionError: expected [Proper error message should be display] but found [!@#$%^&amp;]
	at auto.Login.username_specialcharacter(Login.java:43)
	at java.base/java.util.ArrayList.forEach(ArrayList.java:1511)
... Removed 33 stack frames</div></td></tr></table><p class="totop"><a href="#summary">back to summary</a></p>
<h3 id="m2">auto.Mobiles#searchbox_morethan_20char</h3><table class="result"><tr><th>Exception</th></tr><tr><td><div class="stacktrace">org.openqa.selenium.ElementNotInteractableException: element not interactable
  (Session info: chrome=106.0.5249.62)
Build info: version: &apos;4.4.0&apos;, revision: &apos;e5c75ed026a&apos;
System info: host: &apos;QT-INBG-LT0746&apos;, ip: &apos;10.20.29.56&apos;, os.name: &apos;Windows 10&apos;, os.arch: &apos;amd64&apos;, os.version: &apos;10.0&apos;, java.version: &apos;17.0.4&apos;
Driver info: org.openqa.selenium.chrome.ChromeDriver
Command: [20875cb68a6d4993f5f4c418953a2a70, clickElement {id=093bab3f-0f7a-4b41-acee-642698b4db3e}]
Capabilities {acceptInsecureCerts: false, browserName: chrome, browserVersion: 106.0.5249.62, chrome: {chromedriverVersion: 106.0.5249.21 (71f4e2c9a6f3..., userDataDir: C:\Users\BHAVAD~1.P\AppData...}, goog:chromeOptions: {debuggerAddress: localhost:60307}, networkConnectionEnabled: false, pageLoadStrategy: normal, platformName: WINDOWS, proxy: Proxy(), se:cdp: ws://localhost:60307/devtoo..., se:cdpVersion: 106.0.5249.62, setWindowRect: true, strictFileInteractability: false, timeouts: {implicit: 0, pageLoad: 300000, script: 30000}, unhandledPromptBehavior: dismiss and notify, webauthn:extension:credBlob: true, webauthn:extension:largeBlob: true, webauthn:virtualAuthenticators: true}
Element: [[ChromeDriver: chrome on WINDOWS (20875cb68a6d4993f5f4c418953a2a70)] -&gt; xpath: //table/tbody/tr[1]/td[5]/a]
Session ID: 20875cb68a6d4993f5f4c418953a2a70
	at org.openqa.selenium.remote.codec.w3c.W3CHttpResponseCodec.createException(W3CHttpResponseCodec.java:200)
	at org.openqa.selenium.remote.codec.w3c.W3CHttpResponseCodec.decode(W3CHttpResponseCodec.java:133)
	at org.openqa.selenium.remote.codec.w3c.W3CHttpResponseCodec.decode(W3CHttpResponseCodec.java:53)
	at org.openqa.selenium.remote.HttpCommandExecutor.execute(HttpCommandExecutor.java:184)
	at org.openqa.selenium.remote.service.DriverCommandExecutor.invokeExecute(DriverCommandExecutor.java:167)
	at org.openqa.selenium.remote.service.DriverCommandExecutor.execute(DriverCommandExecutor.java:142)
	at org.openqa.selenium.remote.RemoteWebDriver.execute(RemoteWebDriver.java:547)
	at org.openqa.selenium.remote.RemoteWebElement.execute(RemoteWebElement.java:257)
	at org.openqa.selenium.remote.RemoteWebElement.click(RemoteWebElement.java:78)
	at org.openqa.selenium.support.pagefactory.internal.LocatingElementHandler.invoke(LocatingElementHandler.java:52)
	at jdk.proxy2/jdk.proxy2.$Proxy16.click(Unknown Source)
	at auto.Pom.mobiles(Pom.java:130)
	at auto.Mobiles.searchbox_morethan_20char(Mobiles.java:41)
	at java.base/java.util.ArrayList.forEach(ArrayList.java:1511)
... Removed 35 stack frames</div></td></tr></table><p class="totop"><a href="#summary">back to summary</a></p>
<h3 id="m3">auto.Registration#firstname_lessthan_3char</h3><table class="result"><tr><th>Exception</th></tr><tr><td><div class="stacktrace">java.lang.AssertionError: expected [Proper error message should be display] but found [bh]
	at auto.Registration.firstname_lessthan_3char(Registration.java:48)
	at java.base/java.util.ArrayList.forEach(ArrayList.java:1511)
... Removed 33 stack frames</div></td></tr></table><p class="totop"><a href="#summary">back to summary</a></p>
<h3 id="m4">auto.Registration#lastname_morethan_20char</h3><table class="result"><tr><th>Exception</th></tr><tr><td><div class="stacktrace">java.lang.AssertionError: expected [Proper error message should be display] but found [abacwsjgdcjxghjhghjzgxhzvcsxbcnbs]
	at auto.Registration.lastname_morethan_20char(Registration.java:68)
	at java.base/java.util.ArrayList.forEach(ArrayList.java:1511)
... Removed 33 stack frames</div></td></tr></table><p class="totop"><a href="#summary">back to summary</a></p>
<h3 id="m5">auto.Registration#mobilenumber_lessthan_3numbers</h3><table class="result"><tr><th>Exception</th></tr><tr><td><div class="stacktrace">java.lang.AssertionError: expected [Proper error message should be display] but found [12]
	at auto.Registration.mobilenumber_lessthan_3numbers(Registration.java:108)
	at java.base/java.util.ArrayList.forEach(ArrayList.java:1511)
... Removed 33 stack frames</div></td></tr></table><p class="totop"><a href="#summary">back to summary</a></p>
<h3 id="m6">auto.Registration#password_morethan_10alphanumeric</h3><table class="result"><tr><th>Exception</th></tr><tr><td><div class="stacktrace">java.lang.AssertionError: expected [Proper error message should be display] but found [q22ws2w3e4r5t6y7t65t67y5y6t5]
	at auto.Registration.password_morethan_10alphanumeric(Registration.java:88)
	at java.base/java.util.ArrayList.forEach(ArrayList.java:1511)
... Removed 33 stack frames</div></td></tr></table><p class="totop"><a href="#summary">back to summary</a></p>
<h3 id="m7">auto.Login#setup</h3><table class="result"><tr class="param"><th>Parameter #1</th><th>Parameter #2</th></tr><tr class="param stripe"><td>Bhava</td><td>1q2w3e</td></tr></table><p class="totop"><a href="#summary">back to summary</a></p>
<h3 id="m8">auto.Mobiles#setup</h3><table class="result"><tr class="param"><th>Parameter #1</th></tr><tr class="param stripe"><td>samsung</td></tr></table><p class="totop"><a href="#summary">back to summary</a></p>
<h3 id="m9">auto.Registration#setup</h3><table class="result"><tr class="param"><th>Parameter #1</th><th>Parameter #2</th><th>Parameter #3</th><th>Parameter #4</th><th>Parameter #5</th><th>Parameter #6</th><th>Parameter #7</th></tr><tr class="param stripe"><td>Bhava</td><td>dharani</td><td>bhava123@gmail.com</td><td>q1w2e3</td><td>05/27/2000</td><td>9898989898</td><td>My hobbies are playing games</td></tr></table><p class="totop"><a href="#summary">back to summary</a></p>
</body>
</html>
