<?xml version="1.0" encoding="UTF-8"?>
<!-- Generated by org.testng.reporters.JUnitXMLReporter -->
<testsuite ignored="0" hostname="QT-INBG-LT0746" failures="7" tests="10" name="Test" time="80.832" errors="0" timestamp="2022-09-29T12:46:22 IST">
  <testcase classname="auto.Registration" name="firstname_lessthan_3char" time="7.324">
    <failure type="java.lang.AssertionError" message="expected [Proper error message should be display] but found [bh]">
      <![CDATA[java.lang.AssertionError: expected [Proper error message should be display] but found [bh]
at auto.Registration.firstname_lessthan_3char(Registration.java:48)
at java.base/java.util.ArrayList.forEach(ArrayList.java:1511)
... Removed 33 stack frames]]>
    </failure>
  </testcase> <!-- firstname_lessthan_3char -->
  <testcase classname="auto.Registration" name="lastname_morethan_20char" time="6.093">
    <failure type="java.lang.AssertionError" message="expected [Proper error message should be display] but found [abacwsjgdcjxghjhghjzgxhzvcsxbcnbs]">
      <![CDATA[java.lang.AssertionError: expected [Proper error message should be display] but found [abacwsjgdcjxghjhghjzgxhzvcsxbcnbs]
at auto.Registration.lastname_morethan_20char(Registration.java:68)
at java.base/java.util.ArrayList.forEach(ArrayList.java:1511)
... Removed 33 stack frames]]>
    </failure>
  </testcase> <!-- lastname_morethan_20char -->
  <testcase classname="auto.Registration" name="mobilenumber_lessthan_3numbers" time="7.143">
    <failure type="java.lang.AssertionError" message="expected [Proper error message should be display] but found [12]">
      <![CDATA[java.lang.AssertionError: expected [Proper error message should be display] but found [12]
at auto.Registration.mobilenumber_lessthan_3numbers(Registration.java:108)
at java.base/java.util.ArrayList.forEach(ArrayList.java:1511)
... Removed 33 stack frames]]>
    </failure>
  </testcase> <!-- mobilenumber_lessthan_3numbers -->
  <testcase classname="auto.Registration" name="password_morethan_10alphanumeric" time="8.894">
    <failure type="java.lang.AssertionError" message="expected [Proper error message should be display] but found [q22ws2w3e4r5t6y7t65t67y5y6t5]">
      <![CDATA[java.lang.AssertionError: expected [Proper error message should be display] but found [q22ws2w3e4r5t6y7t65t67y5y6t5]
at auto.Registration.password_morethan_10alphanumeric(Registration.java:88)
at java.base/java.util.ArrayList.forEach(ArrayList.java:1511)
... Removed 33 stack frames]]>
    </failure>
  </testcase> <!-- password_morethan_10alphanumeric -->
  <testcase classname="auto.Registration" name="setup" time="8.92"/>
  <testcase classname="auto.Login" name="password_morethan_10char_" time="7.165">
    <failure type="java.lang.AssertionError" message="expected [Proper error message should be display] but found [1q2w3r45t6y7u8i9o0oi88u7y6t4r54rt5t6t]">
      <![CDATA[java.lang.AssertionError: expected [Proper error message should be display] but found [1q2w3r45t6y7u8i9o0oi88u7y6t4r54rt5t6t]
at auto.Login.password_morethan_10char_(Login.java:58)
at java.base/java.util.ArrayList.forEach(ArrayList.java:1511)
... Removed 33 stack frames]]>
    </failure>
  </testcase> <!-- password_morethan_10char_ -->
  <testcase classname="auto.Login" name="setup" time="8.044"/>
  <testcase classname="auto.Login" name="username_specialcharacter" time="8.889">
    <failure type="java.lang.AssertionError" message="expected [Proper error message should be display] but found [!@#$%^&amp;amp;]">
      <![CDATA[java.lang.AssertionError: expected [Proper error message should be display] but found [!@#$%^&]
at auto.Login.username_specialcharacter(Login.java:43)
at java.base/java.util.ArrayList.forEach(ArrayList.java:1511)
... Removed 33 stack frames]]>
    </failure>
  </testcase> <!-- username_specialcharacter -->
  <testcase classname="auto.Mobiles" name="searchbox_morethan_20char" time="8.934">
    <failure type="org.openqa.selenium.ElementNotInteractableException" message="element not interactable
  (Session info: chrome=106.0.5249.62)
Build info: version: &amp;apos;4.4.0&amp;apos;, revision: &amp;apos;e5c75ed026a&amp;apos;
System info: host: &amp;apos;QT-INBG-LT0746&amp;apos;, ip: &amp;apos;10.20.29.56&amp;apos;, os.name: &amp;apos;Windows 10&amp;apos;, os.arch: &amp;apos;amd64&amp;apos;, os.version: &amp;apos;10.0&amp;apos;, java.version: &amp;apos;17.0.4&amp;apos;
Driver info: org.openqa.selenium.chrome.ChromeDriver
Command: [20875cb68a6d4993f5f4c418953a2a70, clickElement {id=093bab3f-0f7a-4b41-acee-642698b4db3e}]
Capabilities {acceptInsecureCerts: false, browserName: chrome, browserVersion: 106.0.5249.62, chrome: {chromedriverVersion: 106.0.5249.21 (71f4e2c9a6f3..., userDataDir: C:\Users\BHAVAD~1.P\AppData...}, goog:chromeOptions: {debuggerAddress: localhost:60307}, networkConnectionEnabled: false, pageLoadStrategy: normal, platformName: WINDOWS, proxy: Proxy(), se:cdp: ws://localhost:60307/devtoo..., se:cdpVersion: 106.0.5249.62, setWindowRect: true, strictFileInteractability: false, timeouts: {implicit: 0, pageLoad: 300000, script: 30000}, unhandledPromptBehavior: dismiss and notify, webauthn:extension:credBlob: true, webauthn:extension:largeBlob: true, webauthn:virtualAuthenticators: true}
Element: [[ChromeDriver: chrome on WINDOWS (20875cb68a6d4993f5f4c418953a2a70)] -&amp;gt; xpath: //table/tbody/tr[1]/td[5]/a]
Session ID: 20875cb68a6d4993f5f4c418953a2a70">
      <![CDATA[org.openqa.selenium.ElementNotInteractableException: element not interactable
  (Session info: chrome=106.0.5249.62)
Build info: version: '4.4.0', revision: 'e5c75ed026a'
System info: host: 'QT-INBG-LT0746', ip: '10.20.29.56', os.name: 'Windows 10', os.arch: 'amd64', os.version: '10.0', java.version: '17.0.4'
Driver info: org.openqa.selenium.chrome.ChromeDriver
Command: [20875cb68a6d4993f5f4c418953a2a70, clickElement {id=093bab3f-0f7a-4b41-acee-642698b4db3e}]
Capabilities {acceptInsecureCerts: false, browserName: chrome, browserVersion: 106.0.5249.62, chrome: {chromedriverVersion: 106.0.5249.21 (71f4e2c9a6f3..., userDataDir: C:\Users\BHAVAD~1.P\AppData...}, goog:chromeOptions: {debuggerAddress: localhost:60307}, networkConnectionEnabled: false, pageLoadStrategy: normal, platformName: WINDOWS, proxy: Proxy(), se:cdp: ws://localhost:60307/devtoo..., se:cdpVersion: 106.0.5249.62, setWindowRect: true, strictFileInteractability: false, timeouts: {implicit: 0, pageLoad: 300000, script: 30000}, unhandledPromptBehavior: dismiss and notify, webauthn:extension:credBlob: true, webauthn:extension:largeBlob: true, webauthn:virtualAuthenticators: true}
Element: [[ChromeDriver: chrome on WINDOWS (20875cb68a6d4993f5f4c418953a2a70)] -> xpath: //table/tbody/tr[1]/td[5]/a]
Session ID: 20875cb68a6d4993f5f4c418953a2a70
at org.openqa.selenium.remote.codec.w3c.W3CHttpResponseCodec.createException(W3CHttpResponseCodec.java:200)
at org.openqa.selenium.remote.codec.w3c.W3CHttpResponseCodec.decode(W3CHttpResponseCodec.java:133)
at org.openqa.selenium.remote.codec.w3c.W3CHttpResponseCodec.decode(W3CHttpResponseCodec.java:53)
at org.openqa.selenium.remote.HttpCommandExecutor.execute(HttpCommandExecutor.java:184)
at org.openqa.selenium.remote.service.DriverCommandExecutor.invokeExecute(DriverCommandExecutor.java:167)
at org.openqa.selenium.remote.service.DriverCommandExecutor.execute(DriverCommandExecutor.java:142)
at org.openqa.selenium.remote.RemoteWebDriver.execute(RemoteWebDriver.java:547)
at org.openqa.selenium.remote.RemoteWebElement.execute(RemoteWebElement.java:257)
at org.openqa.selenium.remote.RemoteWebElement.click(RemoteWebElement.java:78)
at org.openqa.selenium.support.pagefactory.internal.LocatingElementHandler.invoke(LocatingElementHandler.java:52)
at jdk.proxy2/jdk.proxy2.$Proxy16.click(Unknown Source)
at auto.Pom.mobiles(Pom.java:130)
at auto.Mobiles.searchbox_morethan_20char(Mobiles.java:41)
at java.base/java.util.ArrayList.forEach(ArrayList.java:1511)
... Removed 35 stack frames]]>
    </failure>
  </testcase> <!-- searchbox_morethan_20char -->
  <testcase classname="auto.Mobiles" name="setup" time="9.326"/>
</testsuite> <!-- Test -->
